<?xml version="1.0" encoding="UTF-8"?>
<!-- Generated by org.testng.reporters.JUnitReportReporter -->
<testsuite skipped="0" hostname="FaisalKhatri" name="com.easytest.staticframework.tests.Test1" tests="1" failures="0" timestamp="15 Mar 2018 18:08:35 GMT" time="10.341" errors="0">
  <testcase name="googleTest" time="10.341" classname="com.easytest.staticframework.tests.Test1"/>
</testsuite> <!-- com.easytest.staticframework.tests.Test1 -->
